{"/Users/daw/Development/codenation/codenation-node-bootcamp/modulo-9/exemplos/swagger/backend/__test__/users.mock.js": {"path":"/Users/daw/Development/codenation/codenation-node-bootcamp/modulo-9/exemplos/swagger/backend/__test__/users.mock.js","statementMap":{"0":{"start":{"line":1,"column":14},"end":{"line":20,"column":1}},"1":{"start":{"line":22,"column":0},"end":{"line":24,"column":1}}},"fnMap":{},"branchMap":{},"s":{"0":1,"1":1},"f":{},"b":{},"_coverageSchema":"1a1c01bbd47fc00a2c39e90264f33305004495a9","hash":"02c73cade3864943aa0163114b95774790a45bfb"}
,"/Users/daw/Development/codenation/codenation-node-bootcamp/modulo-9/exemplos/swagger/backend/src/database/Database.js": {"path":"/Users/daw/Development/codenation/codenation-node-bootcamp/modulo-9/exemplos/swagger/backend/src/database/Database.js","statementMap":{"0":{"start":{"line":1,"column":10},"end":{"line":1,"column":26}},"1":{"start":{"line":5,"column":4},"end":{"line":5,"column":16}},"2":{"start":{"line":9,"column":32},"end":{"line":12,"column":14}},"3":{"start":{"line":14,"column":4},"end":{"line":14,"column":69}},"4":{"start":{"line":18,"column":19},"end":{"line":21,"column":14}},"5":{"start":{"line":23,"column":4},"end":{"line":23,"column":48}},"6":{"start":{"line":23,"column":37},"end":{"line":23,"column":48}},"7":{"start":{"line":26,"column":26},"end":{"line":26,"column":55}},"8":{"start":{"line":28,"column":30},"end":{"line":32,"column":14}},"9":{"start":{"line":34,"column":4},"end":{"line":34,"column":67}},"10":{"start":{"line":36,"column":4},"end":{"line":36,"column":24}},"11":{"start":{"line":40,"column":30},"end":{"line":43,"column":14}},"12":{"start":{"line":45,"column":4},"end":{"line":45,"column":67}},"13":{"start":{"line":46,"column":4},"end":{"line":46,"column":15}},"14":{"start":{"line":50,"column":4},"end":{"line":50,"column":55}},"15":{"start":{"line":50,"column":15},"end":{"line":50,"column":55}},"16":{"start":{"line":51,"column":4},"end":{"line":54,"column":14}},"17":{"start":{"line":58,"column":4},"end":{"line":58,"column":60}},"18":{"start":{"line":62,"column":11},"end":{"line":62,"column":25}},"19":{"start":{"line":66,"column":4},"end":{"line":66,"column":11}},"20":{"start":{"line":67,"column":4},"end":{"line":67,"column":18}},"21":{"start":{"line":71,"column":0},"end":{"line":75,"column":1}}},"fnMap":{"0":{"name":"(anonymous_0)","decl":{"start":{"line":4,"column":2},"end":{"line":4,"column":3}},"loc":{"start":{"line":4,"column":16},"end":{"line":6,"column":3}},"line":4},"1":{"name":"(anonymous_1)","decl":{"start":{"line":8,"column":2},"end":{"line":8,"column":3}},"loc":{"start":{"line":8,"column":33},"end":{"line":15,"column":3}},"line":8},"2":{"name":"(anonymous_2)","decl":{"start":{"line":17,"column":2},"end":{"line":17,"column":3}},"loc":{"start":{"line":17,"column":40},"end":{"line":37,"column":3}},"line":17},"3":{"name":"(anonymous_3)","decl":{"start":{"line":39,"column":2},"end":{"line":39,"column":3}},"loc":{"start":{"line":39,"column":31},"end":{"line":47,"column":3}},"line":39},"4":{"name":"(anonymous_4)","decl":{"start":{"line":49,"column":2},"end":{"line":49,"column":3}},"loc":{"start":{"line":49,"column":33},"end":{"line":55,"column":3}},"line":49},"5":{"name":"(anonymous_5)","decl":{"start":{"line":57,"column":2},"end":{"line":57,"column":3}},"loc":{"start":{"line":57,"column":33},"end":{"line":59,"column":3}},"line":57},"6":{"name":"(anonymous_6)","decl":{"start":{"line":65,"column":2},"end":{"line":65,"column":3}},"loc":{"start":{"line":65,"column":20},"end":{"line":68,"column":3}},"line":65}},"branchMap":{"0":{"loc":{"start":{"line":23,"column":4},"end":{"line":23,"column":48}},"type":"if","locations":[{"start":{"line":23,"column":4},"end":{"line":23,"column":48}},{"start":{"line":23,"column":4},"end":{"line":23,"column":48}}],"line":23},"1":{"loc":{"start":{"line":23,"column":7},"end":{"line":23,"column":35}},"type":"binary-expr","locations":[{"start":{"line":23,"column":7},"end":{"line":23,"column":14}},{"start":{"line":23,"column":18},"end":{"line":23,"column":35}}],"line":23},"2":{"loc":{"start":{"line":50,"column":4},"end":{"line":50,"column":55}},"type":"if","locations":[{"start":{"line":50,"column":4},"end":{"line":50,"column":55}},{"start":{"line":50,"column":4},"end":{"line":50,"column":55}}],"line":50}},"s":{"0":1,"1":13,"2":2,"3":2,"4":2,"5":2,"6":1,"7":1,"8":1,"9":1,"10":1,"11":2,"12":2,"13":2,"14":8,"15":6,"16":2,"17":3,"18":1,"19":12,"20":12,"21":1},"f":{"0":13,"1":2,"2":2,"3":2,"4":8,"5":3,"6":12},"b":{"0":[1,1],"1":[2,1],"2":[6,2]},"_coverageSchema":"1a1c01bbd47fc00a2c39e90264f33305004495a9","hash":"3f571cc416b974ad10057dd93f19062a44e9c2ad"}
}
