TN:
SF:__test__/users.mock.js
FNF:0
FNH:0
DA:1,1
DA:22,1
LF:2
LH:2
BRF:0
BRH:0
end_of_record
TN:
SF:src/database/Database.js
FN:4,(anonymous_0)
FN:8,(anonymous_1)
FN:17,(anonymous_2)
FN:39,(anonymous_3)
FN:49,(anonymous_4)
FN:57,(anonymous_5)
FN:65,(anonymous_6)
FNF:7
FNH:7
FNDA:13,(anonymous_0)
FNDA:2,(anonymous_1)
FNDA:2,(anonymous_2)
FNDA:2,(anonymous_3)
FNDA:8,(anonymous_4)
FNDA:3,(anonymous_5)
FNDA:12,(anonymous_6)
DA:1,1
DA:5,13
DA:9,2
DA:14,2
DA:18,2
DA:23,2
DA:26,1
DA:28,1
DA:34,1
DA:36,1
DA:40,2
DA:45,2
DA:46,2
DA:50,8
DA:51,2
DA:58,3
DA:62,1
DA:66,12
DA:67,12
DA:71,1
LF:20
LH:20
BRDA:23,0,0,1
BRDA:23,0,1,1
BRDA:23,1,0,2
BRDA:23,1,1,1
BRDA:50,2,0,6
BRDA:50,2,1,2
BRF:6
BRH:6
end_of_record
